Arguments: 
  /usr/bin/node /mnt/c/Users/Hollund/AppData/Roaming/npm/node_modules/yarn/bin/yarn.js

PATH: 
  /home/hollund/.local/bin:/usr/local/sbin:/usr/local/bin:/usr/sbin:/usr/bin:/sbin:/bin:/usr/games:/usr/local/games:/mnt/c/Python27/:/mnt/c/Python27/Scripts:/mnt/c/Windows/system32:/mnt/c/Windows:/mnt/c/Windows/System32/Wbem:/mnt/c/Windows/System32/WindowsPowerShell/v1.0/:/mnt/c/Program Files/Intel/WiFi/bin/:/mnt/c/Program Files/Common Files/Intel/WirelessCommon/:/mnt/c/Windows/System32/OpenSSH/:/mnt/c/Program Files/Microsoft VS Code/bin:/mnt/c/Users/Hollund/AppData/Local/Microsoft/WindowsApps:/mnt/c/Program Files/MATLAB/R2018b/bin:/mnt/c/Program Files/PuTTY/:/mnt/c/Program Files (x86)/National Instruments/Shared/LabVIEW CLI:/mnt/c/Program Files/MATLAB/R2018a/bin:/mnt/c/WINDOWS/system32:/mnt/c/WINDOWS:/mnt/c/WINDOWS/System32/Wbem:/mnt/c/WINDOWS/System32/WindowsPowerShell/v1.0/:/mnt/c/WINDOWS/System32/OpenSSH/:/mnt/c/ProgramData/chocolatey/bin:/mnt/c/Program Files/Git/cmd:/mnt/c/Program Files/nodejs/:/mnt/c/Program Files/Gource/cmd:/mnt/c/Users/Hollund/AppData/Local/Programs/Python/Python38-32/Scripts/:/mnt/c/Users/Hollund/AppData/Local/Programs/Python/Python38-32/:/mnt/c/Users/Hollund/AppData/Local/Microsoft/WindowsApps:/mnt/c/Users/Hollund/AppData/Roaming/npm:/mnt/c/Users/Hollund/AppData/Local/GitHubDesktop/bin:/snap/bin

Yarn version: 
  1.22.4

Node version: 
  13.10.1

Platform: 
  linux x64

Trace: 
  SyntaxError: /mnt/c/Users/Hollund/Documents/VSCodeWorksSpacess/seesaw-webinterface/interface000/package.json: Unexpected token } in JSON at position 190
      at JSON.parse (<anonymous>)
      at /mnt/c/Users/Hollund/AppData/Roaming/npm/node_modules/yarn/lib/cli.js:1625:59
      at Generator.next (<anonymous>)
      at step (/mnt/c/Users/Hollund/AppData/Roaming/npm/node_modules/yarn/lib/cli.js:310:30)
      at /mnt/c/Users/Hollund/AppData/Roaming/npm/node_modules/yarn/lib/cli.js:321:13

npm manifest: 
  {
    "name": "interface000",
    "version": "1.0.0",
    "main": "index.js",
    "license": "MIT",
  
    "scripts": {
      "postinstall": "find ./* -name package.json -maxdepth 1 -execdir yarn \\;",
    }
  }

yarn manifest: 
  No manifest

Lockfile: 
  No lockfile
